# JRE version: OpenJDK Runtime Environment (11.0.6+8) (build 11.0.6+8-b520.43)
# Java VM: OpenJDK 64-Bit Server VM (11.0.6+8-b520.43, mixed mode, tiered, compressed oops, g1 gc, windows-amd64)
Heap:
 garbage-first heap   total 262144K, used 22612K [0x0000000701c00000, 0x0000000800000000)
  region size 1024K, 20 young (20480K), 2 survivors (2048K)
 Metaspace       used 20367K, capacity 20633K, committed 20864K, reserved 1067008K
  class space    used 2206K, capacity 2325K, committed 2432K, reserved 1048576K
GC Heap History (6 events):
Event: 1.858 GC heap before
{Heap before GC invocations=0 (full 0):
 garbage-first heap   total 262144K, used 13312K [0x0000000701c00000, 0x0000000800000000)
  region size 1024K, 14 young (14336K), 0 survivors (0K)
 Metaspace       used 11654K, capacity 11881K, committed 12032K, reserved 1060864K
  class space    used 1099K, capacity 1174K, committed 1280K, reserved 1048576K
}
Event: 1.871 GC heap after
{Heap after GC invocations=1 (full 0):
 garbage-first heap   total 262144K, used 3442K [0x0000000701c00000, 0x0000000800000000)
  region size 1024K, 2 young (2048K), 2 survivors (2048K)
 Metaspace       used 11654K, capacity 11881K, committed 12032K, reserved 1060864K
  class space    used 1099K, capacity 1174K, committed 1280K, reserved 1048576K
}
Event: 2.101 GC heap before
{Heap before GC invocations=1 (full 0):
 garbage-first heap   total 262144K, used 13682K [0x0000000701c00000, 0x0000000800000000)
  region size 1024K, 12 young (12288K), 2 survivors (2048K)
 Metaspace       used 13743K, capacity 14037K, committed 14336K, reserved 1062912K
  class space    used 1387K, capacity 1466K, committed 1536K, reserved 1048576K
}
Event: 2.104 GC heap after
{Heap after GC invocations=2 (full 0):
 garbage-first heap   total 262144K, used 4138K [0x0000000701c00000, 0x0000000800000000)
  region size 1024K, 1 young (1024K), 1 survivors (1024K)
 Metaspace       used 13743K, capacity 14037K, committed 14336K, reserved 1062912K
  class space    used 1387K, capacity 1466K, committed 1536K, reserved 1048576K
}
Event: 2.731 GC heap before
{Heap before GC invocations=2 (full 0):
 garbage-first heap   total 262144K, used 32810K [0x0000000701c00000, 0x0000000800000000)
  region size 1024K, 29 young (29696K), 1 survivors (1024K)
 Metaspace       used 17367K, capacity 17702K, committed 17920K, reserved 1064960K
  class space    used 1846K, capacity 1960K, committed 2048K, reserved 1048576K
}
Event: 2.733 GC heap after
{Heap after GC invocations=3 (full 0):
 garbage-first heap   total 262144K, used 5204K [0x0000000701c00000, 0x0000000800000000)
  region size 1024K, 2 young (2048K), 2 survivors (2048K)
 Metaspace       used 17367K, capacity 17702K, committed 17920K, reserved 1064960K
  class space    used 1846K, capacity 1960K, committed 2048K, reserved 1048576K
}

